W0328 01:35:38.316000 93345 torch/distributed/run.py:803] 
W0328 01:35:38.316000 93345 torch/distributed/run.py:803] *****************************************
W0328 01:35:38.316000 93345 torch/distributed/run.py:803] Setting OMP_NUM_THREADS environment variable for each process to be 1 in default, to avoid your system being overloaded, please further tune the variable for optimal performance in your application as needed. 
W0328 01:35:38.316000 93345 torch/distributed/run.py:803] *****************************************
logs/51ad2124-736f-4927-8d11-83429489d7ce.txt
val_bpb:enabled tokenizer_kind=sentencepiece tokenizer_path=./data/tokenizers/fineweb_1024_bpe.model
train_loader:dataset:fineweb10B_sp1024 train_shards:80
val_loader:shards pattern=./data/datasets/fineweb10B_sp1024/fineweb_val_*.bin tokens:62021632
model_params:26928220
mtp_num_heads:0 mtp_loss_weight:0.2 mtp_params:0
XSA:last_4 active_layers:[7, 8, 9, 10]
world_size:8 grad_accum_steps:1
sdp_backends:cudnn=False flash=True mem_efficient=False math=False
attention_mode:gqa num_heads:8 num_kv_heads:4
tie_embeddings:True embed_lr:0.035 head_lr:0.0 matrix_lr:0.025 scalar_lr:0.025
train_batch_tokens:786432 train_seq_len:2048 iterations:9000 warmup_steps:20 max_wallclock_seconds:599.000
seed:2025
warmup_step:1/20
warmup_step:2/20
warmup_step:3/20
warmup_step:4/20
warmup_step:5/20
warmup_step:6/20
warmup_step:7/20
warmup_step:8/20
warmup_step:9/20
warmup_step:10/20
warmup_step:11/20
warmup_step:12/20
warmup_step:13/20
warmup_step:14/20
warmup_step:15/20
warmup_step:16/20
warmup_step:17/20
warmup_step:18/20
warmup_step:19/20
warmup_step:20/20
step:0/9000 val_loss:6.9302 val_bpb:4.1045 train_time:0ms step_avg:0.02ms
step:1/9000 train_loss:6.9311 train_time:132ms step_avg:131.62ms
step:2/9000 train_loss:8.6818 train_time:160ms step_avg:79.78ms
step:3/9000 train_loss:7.7058 train_time:240ms step_avg:80.14ms
step:4/9000 train_loss:7.2716 train_time:321ms step_avg:80.29ms
step:5/9000 train_loss:7.1779 train_time:404ms step_avg:80.78ms
step:6/9000 train_loss:7.0950 train_time:491ms step_avg:81.91ms
step:7/9000 train_loss:7.0228 train_time:572ms step_avg:81.69ms
step:8/9000 train_loss:6.9406 train_time:653ms step_avg:81.64ms
step:9/9000 train_loss:6.6071 train_time:734ms step_avg:81.52ms
step:10/9000 train_loss:6.2037 train_time:815ms step_avg:81.49ms
step:500/9000 train_loss:2.3991 train_time:41443ms step_avg:82.89ms
step:1000/9000 train_loss:2.2642 train_time:83160ms step_avg:83.16ms
step:1500/9000 train_loss:2.2121 train_time:124925ms step_avg:83.28ms
step:2000/9000 train_loss:2.0516 train_time:166699ms step_avg:83.35ms
step:2500/9000 train_loss:2.1578 train_time:208449ms step_avg:83.38ms
step:3000/9000 train_loss:2.1498 train_time:250264ms step_avg:83.42ms
step:3500/9000 train_loss:2.1680 train_time:291976ms step_avg:83.42ms
step:4000/9000 train_loss:1.9631 train_time:333663ms step_avg:83.42ms
step:4000/9000 val_loss:2.0570 val_bpb:1.2183 train_time:333712ms step_avg:83.43ms
step:4500/9000 train_loss:2.1176 train_time:375327ms step_avg:83.41ms
step:5000/9000 train_loss:2.0992 train_time:416989ms step_avg:83.40ms
step:5500/9000 train_loss:2.0111 train_time:458636ms step_avg:83.39ms
step:6000/9000 train_loss:1.9384 train_time:500279ms step_avg:83.38ms
swa:start step:6500
step:6500/9000 train_loss:2.0815 train_time:541933ms step_avg:83.37ms
late_qat:enabled step:6656 scale:0.1498
step:7000/9000 train_loss:1.7874 train_time:584240ms step_avg:83.46ms
step:7175/9000 val_loss:1.9210 val_bpb:1.1377 train_time:599068ms step_avg:83.49ms
stopping_early: wallclock_cap train_time:599068ms step:7175/9000
peak memory allocated: 21471 MiB reserved: 22002 MiB
ema:applying EMA weights
DIAGNOSTIC post_ema val_loss:1.9193 val_bpb:1.1367 eval_time:1977ms
Serialized model: 106027446 bytes
Code size: 93038 bytes
Serialized model int6+lzma: 15786004 bytes
Total submission size int6+lzma: 15879042 bytes
final_int6_roundtrip val_loss:1.9333 val_bpb:1.1450 eval_time:6327ms
final_int6_roundtrip_exact val_loss:1.93333252 val_bpb:1.14502842
final_int6_sliding_window val_loss:1.8939 val_bpb:1.1217 stride:64 eval_time:74606ms
final_int6_sliding_window_exact val_loss:1.89387417 val_bpb:1.12166193
final_int8_zlib_roundtrip_exact val_loss:1.89387417 val_bpb:1.12166193
ttt_sliding:start chunks=1893 chunk_tokens=32768 total_windows=969088 stride=64 ttt_lr=0.002 ttt_epochs=3 freeze_blocks=0
ttt_sliding:params unfrozen=26928220 frozen=0
  ttt_chunk [1/1893] bpb=1.157213 time=0.5s
  ttt_chunk [11/1893] bpb=1.146150 time=3.0s
  ttt_chunk [21/1893] bpb=1.131983 time=5.5s
  ttt_chunk [31/1893] bpb=1.129800 time=8.0s
  ttt_chunk [41/1893] bpb=1.115753 time=10.6s
  ttt_chunk [51/1893] bpb=1.109750 time=13.0s
  ttt_chunk [61/1893] bpb=1.115753 time=15.6s
  ttt_chunk [71/1893] bpb=1.114495 time=18.1s
  ttt_chunk [81/1893] bpb=1.113640 time=20.6s
  ttt_chunk [91/1893] bpb=1.114745 time=23.0s
  ttt_chunk [101/1893] bpb=1.118217 time=25.6s
  ttt_chunk [111/1893] bpb=1.120613 time=28.1s
  ttt_chunk [121/1893] bpb=1.113957 time=30.5s
  ttt_chunk [131/1893] bpb=1.114078 time=33.0s
  ttt_chunk [141/1893] bpb=1.119665 time=35.6s
  ttt_chunk [151/1893] bpb=1.121456 time=38.1s
  ttt_chunk [161/1893] bpb=1.120832 time=40.6s
  ttt_chunk [171/1893] bpb=1.125423 time=43.2s
  ttt_chunk [181/1893] bpb=1.127674 time=45.7s
  ttt_chunk [191/1893] bpb=1.135139 time=48.2s
  ttt_chunk [201/1893] bpb=1.133873 time=50.8s
  ttt_chunk [211/1893] bpb=1.131733 time=53.3s
  ttt_chunk [221/1893] bpb=1.133254 time=55.8s
  ttt_chunk [231/1893] bpb=1.131978 time=58.3s
  ttt_chunk [241/1893] bpb=1.132435 time=60.9s
  ttt_chunk [251/1893] bpb=1.131925 time=63.4s
  ttt_chunk [261/1893] bpb=1.129055 time=65.8s
  ttt_chunk [271/1893] bpb=1.127913 time=68.3s
  ttt_chunk [281/1893] bpb=1.129263 time=70.8s
  ttt_chunk [291/1893] bpb=1.131080 time=73.3s
  ttt_chunk [301/1893] bpb=1.131819 time=75.9s
  ttt_chunk [311/1893] bpb=1.133852 time=78.4s
  ttt_chunk [321/1893] bpb=1.135848 time=80.9s
  ttt_chunk [331/1893] bpb=1.135752 time=83.4s
  ttt_chunk [341/1893] bpb=1.134782 time=86.0s
  ttt_chunk [351/1893] bpb=1.137073 time=88.5s
  ttt_chunk [361/1893] bpb=1.137237 time=91.0s
  ttt_chunk [371/1893] bpb=1.136629 time=93.5s
  ttt_chunk [381/1893] bpb=1.136776 time=96.1s
  ttt_chunk [391/1893] bpb=1.136570 time=98.7s
  ttt_chunk [401/1893] bpb=1.134505 time=101.2s
  ttt_chunk [411/1893] bpb=1.133340 time=103.7s
  ttt_chunk [421/1893] bpb=1.132381 time=106.2s
  ttt_chunk [431/1893] bpb=1.132265 time=108.8s
  ttt_chunk [441/1893] bpb=1.132715 time=111.4s
  ttt_chunk [451/1893] bpb=1.133043 time=113.9s
  ttt_chunk [461/1893] bpb=1.131903 time=116.5s
  ttt_chunk [471/1893] bpb=1.132493 time=119.1s
  ttt_chunk [481/1893] bpb=1.132134 time=121.6s
  ttt_chunk [491/1893] bpb=1.131040 time=124.2s
  ttt_chunk [501/1893] bpb=1.130580 time=126.8s
  ttt_chunk [511/1893] bpb=1.129868 time=129.3s
  ttt_chunk [521/1893] bpb=1.127426 time=131.9s
  ttt_chunk [531/1893] bpb=1.128584 time=134.6s
  ttt_chunk [541/1893] bpb=1.128870 time=137.1s
  ttt_chunk [551/1893] bpb=1.127882 time=139.7s
  ttt_chunk [561/1893] bpb=1.128434 time=142.3s
  ttt_chunk [571/1893] bpb=1.127393 time=144.8s
  ttt_chunk [581/1893] bpb=1.126593 time=147.2s
  ttt_chunk [591/1893] bpb=1.125926 time=149.7s
  ttt_chunk [601/1893] bpb=1.126401 time=152.2s
  ttt_chunk [611/1893] bpb=1.126301 time=154.7s
  ttt_chunk [621/1893] bpb=1.126164 time=157.3s
  ttt_chunk [631/1893] bpb=1.126878 time=159.8s
  ttt_chunk [641/1893] bpb=1.126621 time=162.3s
  ttt_chunk [651/1893] bpb=1.126749 time=164.8s
  ttt_chunk [661/1893] bpb=1.126248 time=167.2s
  ttt_chunk [671/1893] bpb=1.126593 time=169.7s
  ttt_chunk [681/1893] bpb=1.127317 time=172.2s
  ttt_chunk [691/1893] bpb=1.128289 time=174.8s
  ttt_chunk [701/1893] bpb=1.127720 time=177.3s
  ttt_chunk [711/1893] bpb=1.127718 time=179.8s
  ttt_chunk [721/1893] bpb=1.127401 time=182.3s
  ttt_chunk [731/1893] bpb=1.127458 time=184.8s
  ttt_chunk [741/1893] bpb=1.127582 time=187.3s
  ttt_chunk [751/1893] bpb=1.127447 time=189.8s
  ttt_chunk [761/1893] bpb=1.127362 time=192.4s
  ttt_chunk [771/1893] bpb=1.127045 time=195.0s
  ttt_chunk [781/1893] bpb=1.127768 time=197.5s
  ttt_chunk [791/1893] bpb=1.127357 time=200.0s
  ttt_chunk [801/1893] bpb=1.127659 time=202.6s
  ttt_chunk [811/1893] bpb=1.127398 time=205.1s
  ttt_chunk [821/1893] bpb=1.127153 time=207.7s
  ttt_chunk [831/1893] bpb=1.126984 time=210.2s
  ttt_chunk [841/1893] bpb=1.126338 time=212.7s
  ttt_chunk [851/1893] bpb=1.126043 time=215.2s
  ttt_chunk [861/1893] bpb=1.125803 time=217.7s
  ttt_chunk [871/1893] bpb=1.126077 time=220.3s
  ttt_chunk [881/1893] bpb=1.126249 time=222.6s
  ttt_chunk [891/1893] bpb=1.125808 time=225.0s
  ttt_chunk [901/1893] bpb=1.125530 time=227.5s
  ttt_chunk [911/1893] bpb=1.125640 time=230.0s
  ttt_chunk [921/1893] bpb=1.126086 time=232.5s
  ttt_chunk [931/1893] bpb=1.126042 time=235.1s
  ttt_chunk [941/1893] bpb=1.125707 time=237.6s
  ttt_chunk [951/1893] bpb=1.126083 time=240.1s
  ttt_chunk [961/1893] bpb=1.126157 time=242.7s
  ttt_chunk [971/1893] bpb=1.127000 time=245.3s
  ttt_chunk [981/1893] bpb=1.127070 time=247.8s
  ttt_chunk [991/1893] bpb=1.127091 time=250.4s
  ttt_chunk [1001/1893] bpb=1.127044 time=252.9s
  ttt_chunk [1011/1893] bpb=1.126815 time=255.5s
  ttt_chunk [1021/1893] bpb=1.127150 time=258.1s
  ttt_chunk [1031/1893] bpb=1.127600 time=260.7s
  ttt_chunk [1041/1893] bpb=1.127254 time=263.3s
  ttt_chunk [1051/1893] bpb=1.127004 time=265.8s
  ttt_chunk [1061/1893] bpb=1.127072 time=268.4s
  ttt_chunk [1071/1893] bpb=1.127706 time=270.9s
  ttt_chunk [1081/1893] bpb=1.127954 time=273.5s
  ttt_chunk [1091/1893] bpb=1.128696 time=276.1s
  ttt_chunk [1101/1893] bpb=1.128701 time=278.6s
  ttt_chunk [1111/1893] bpb=1.128574 time=281.1s
  ttt_chunk [1121/1893] bpb=1.128361 time=283.7s
  ttt_chunk [1131/1893] bpb=1.128230 time=286.1s
  ttt_chunk [1141/1893] bpb=1.127928 time=288.6s
  ttt_chunk [1151/1893] bpb=1.127948 time=291.2s
  ttt_chunk [1161/1893] bpb=1.127576 time=293.7s
  ttt_chunk [1171/1893] bpb=1.127908 time=296.2s
  ttt_chunk [1181/1893] bpb=1.127175 time=298.7s
  ttt_chunk [1191/1893] bpb=1.127049 time=301.3s
  ttt_chunk [1201/1893] bpb=1.127446 time=303.9s
  ttt_chunk [1211/1893] bpb=1.126968 time=306.3s
  ttt_chunk [1221/1893] bpb=1.126658 time=308.8s
  ttt_chunk [1231/1893] bpb=1.126389 time=311.4s
  ttt_chunk [1241/1893] bpb=1.126011 time=313.9s
  ttt_chunk [1251/1893] bpb=1.125410 time=316.3s
  ttt_chunk [1261/1893] bpb=1.125383 time=318.8s
  ttt_chunk [1271/1893] bpb=1.124974 time=321.3s
  ttt_chunk [1281/1893] bpb=1.124793 time=323.9s
  ttt_chunk [1291/1893] bpb=1.124558 time=326.4s
  ttt_chunk [1301/1893] bpb=1.123981 time=329.0s
  ttt_chunk [1311/1893] bpb=1.123591 time=331.5s
  ttt_chunk [1321/1893] bpb=1.123236 time=334.0s
  ttt_chunk [1331/1893] bpb=1.123155 time=336.5s
  ttt_chunk [1341/1893] bpb=1.123018 time=339.1s
  ttt_chunk [1351/1893] bpb=1.122951 time=341.6s
  ttt_chunk [1361/1893] bpb=1.122989 time=344.1s
  ttt_chunk [1371/1893] bpb=1.122853 time=346.7s
  ttt_chunk [1381/1893] bpb=1.122825 time=349.2s
  ttt_chunk [1391/1893] bpb=1.122414 time=351.7s
  ttt_chunk [1401/1893] bpb=1.122356 time=354.2s
  ttt_chunk [1411/1893] bpb=1.122453 time=356.7s
  ttt_chunk [1421/1893] bpb=1.122688 time=359.2s
  ttt_chunk [1431/1893] bpb=1.122386 time=361.7s
  ttt_chunk [1441/1893] bpb=1.122874 time=364.4s
  ttt_chunk [1451/1893] bpb=1.123198 time=366.9s
  ttt_chunk [1461/1893] bpb=1.122727 time=369.4s
  ttt_chunk [1471/1893] bpb=1.123774 time=372.0s
  ttt_chunk [1481/1893] bpb=1.123313 time=374.6s
  ttt_chunk [1491/1893] bpb=1.123123 time=377.1s
  ttt_chunk [1501/1893] bpb=1.123038 time=379.6s
  ttt_chunk [1511/1893] bpb=1.123030 time=382.1s
  ttt_chunk [1521/1893] bpb=1.123039 time=384.7s
  ttt_chunk [1531/1893] bpb=1.122531 time=387.2s
  ttt_chunk [1541/1893] bpb=1.122379 time=389.7s
  ttt_chunk [1551/1893] bpb=1.122681 time=392.3s
  ttt_chunk [1561/1893] bpb=1.122675 time=394.8s
  ttt_chunk [1571/1893] bpb=1.122502 time=397.4s
  ttt_chunk [1581/1893] bpb=1.122613 time=399.9s
  ttt_chunk [1591/1893] bpb=1.122467 time=402.5s
  ttt_chunk [1601/1893] bpb=1.122628 time=405.0s
  ttt_chunk [1611/1893] bpb=1.122552 time=407.6s
  ttt_chunk [1621/1893] bpb=1.122132 time=410.0s
  ttt_chunk [1631/1893] bpb=1.122421 time=412.5s
  ttt_chunk [1641/1893] bpb=1.122421 time=415.0s
  ttt_chunk [1651/1893] bpb=1.122362 time=417.6s
  ttt_chunk [1661/1893] bpb=1.122235 time=420.1s
  ttt_chunk [1671/1893] bpb=1.122698 time=422.7s
  ttt_chunk [1681/1893] bpb=1.122854 time=425.2s
  ttt_chunk [1691/1893] bpb=1.122683 time=427.8s
  ttt_chunk [1701/1893] bpb=1.122819 time=430.4s
  ttt_chunk [1711/1893] bpb=1.122802 time=432.9s
  ttt_chunk [1721/1893] bpb=1.122804 time=435.3s
  ttt_chunk [1731/1893] bpb=1.122671 time=437.9s
  ttt_chunk [1741/1893] bpb=1.122453 time=440.5s
  ttt_chunk [1751/1893] bpb=1.122274 time=443.0s
  ttt_chunk [1761/1893] bpb=1.122422 time=445.6s
  ttt_chunk [1771/1893] bpb=1.122321 time=448.1s
  ttt_chunk [1781/1893] bpb=1.122341 time=450.7s
  ttt_chunk [1791/1893] bpb=1.121937 time=453.1s
  ttt_chunk [1801/1893] bpb=1.121812 time=455.7s
  ttt_chunk [1811/1893] bpb=1.121711 time=458.2s
  ttt_chunk [1821/1893] bpb=1.121754 time=460.8s
  ttt_chunk [1831/1893] bpb=1.121146 time=463.4s
  ttt_chunk [1841/1893] bpb=1.121066 time=465.9s
  ttt_chunk [1851/1893] bpb=1.120842 time=468.3s
  ttt_chunk [1861/1893] bpb=1.120475 time=470.9s
  ttt_chunk [1871/1893] bpb=1.120468 time=473.4s
  ttt_chunk [1881/1893] bpb=1.120013 time=475.8s
  ttt_chunk [1891/1893] bpb=1.119775 time=478.4s
  ttt_chunk [1893/1893] bpb=1.119819 time=478.7s
ttt_sliding:done val_loss=1.887521 val_bpb=1.117899 elapsed=478.7s
legal_ttt val_loss:1.8875 val_bpb:1.1179 eval_time:479224ms
legal_ttt_exact val_loss:1.88752121 val_bpb:1.11789934
