W0328 01:58:00.242000 94313 torch/distributed/run.py:803] 
W0328 01:58:00.242000 94313 torch/distributed/run.py:803] *****************************************
W0328 01:58:00.242000 94313 torch/distributed/run.py:803] Setting OMP_NUM_THREADS environment variable for each process to be 1 in default, to avoid your system being overloaded, please further tune the variable for optimal performance in your application as needed. 
W0328 01:58:00.242000 94313 torch/distributed/run.py:803] *****************************************
logs/58a783cd-c3a9-42ba-8a34-26ee87798f69.txt
val_bpb:enabled tokenizer_kind=sentencepiece tokenizer_path=./data/tokenizers/fineweb_1024_bpe.model
train_loader:dataset:fineweb10B_sp1024 train_shards:80
val_loader:shards pattern=./data/datasets/fineweb10B_sp1024/fineweb_val_*.bin tokens:62021632
model_params:26928220
mtp_num_heads:0 mtp_loss_weight:0.2 mtp_params:0
XSA:last_4 active_layers:[7, 8, 9, 10]
world_size:8 grad_accum_steps:1
sdp_backends:cudnn=False flash=True mem_efficient=False math=False
attention_mode:gqa num_heads:8 num_kv_heads:4
tie_embeddings:True embed_lr:0.035 head_lr:0.0 matrix_lr:0.025 scalar_lr:0.025
train_batch_tokens:786432 train_seq_len:2048 iterations:9000 warmup_steps:20 max_wallclock_seconds:599.000
seed:42
warmup_step:1/20
warmup_step:2/20
warmup_step:3/20
warmup_step:4/20
warmup_step:5/20
warmup_step:6/20
warmup_step:7/20
warmup_step:8/20
warmup_step:9/20
warmup_step:10/20
warmup_step:11/20
warmup_step:12/20
warmup_step:13/20
warmup_step:14/20
warmup_step:15/20
warmup_step:16/20
warmup_step:17/20
warmup_step:18/20
warmup_step:19/20
warmup_step:20/20
step:0/9000 val_loss:6.9293 val_bpb:4.1039 train_time:0ms step_avg:0.01ms
step:1/9000 train_loss:6.9308 train_time:131ms step_avg:130.99ms
step:2/9000 train_loss:8.6422 train_time:160ms step_avg:79.92ms
step:3/9000 train_loss:7.6901 train_time:240ms step_avg:80.04ms
step:4/9000 train_loss:7.2782 train_time:322ms step_avg:80.54ms
step:5/9000 train_loss:7.2222 train_time:403ms step_avg:80.58ms
step:6/9000 train_loss:7.1409 train_time:485ms step_avg:80.86ms
step:7/9000 train_loss:7.0923 train_time:568ms step_avg:81.07ms
step:8/9000 train_loss:7.0291 train_time:650ms step_avg:81.28ms
step:9/9000 train_loss:6.6343 train_time:731ms step_avg:81.26ms
step:10/9000 train_loss:6.2569 train_time:815ms step_avg:81.48ms
step:500/9000 train_loss:2.3952 train_time:41422ms step_avg:82.84ms
step:1000/9000 train_loss:2.2574 train_time:83206ms step_avg:83.21ms
step:1500/9000 train_loss:2.2105 train_time:124956ms step_avg:83.30ms
step:2000/9000 train_loss:2.0560 train_time:166685ms step_avg:83.34ms
step:2500/9000 train_loss:2.1603 train_time:208428ms step_avg:83.37ms
step:3000/9000 train_loss:2.1494 train_time:250139ms step_avg:83.38ms
step:3500/9000 train_loss:2.1733 train_time:291834ms step_avg:83.38ms
step:4000/9000 train_loss:1.9682 train_time:333534ms step_avg:83.38ms
step:4000/9000 val_loss:2.0572 val_bpb:1.2184 train_time:333585ms step_avg:83.40ms
step:4500/9000 train_loss:2.1198 train_time:375205ms step_avg:83.38ms
step:5000/9000 train_loss:2.1010 train_time:416849ms step_avg:83.37ms
step:5500/9000 train_loss:2.0140 train_time:458486ms step_avg:83.36ms
step:6000/9000 train_loss:1.9381 train_time:500134ms step_avg:83.36ms
swa:start step:6500
step:6500/9000 train_loss:2.0817 train_time:541764ms step_avg:83.35ms
late_qat:enabled step:6658 scale:0.1500
step:7000/9000 train_loss:1.7891 train_time:584037ms step_avg:83.43ms
step:7177/9000 val_loss:1.9217 val_bpb:1.1381 train_time:599058ms step_avg:83.47ms
stopping_early: wallclock_cap train_time:599058ms step:7177/9000
peak memory allocated: 21471 MiB reserved: 22002 MiB
ema:applying EMA weights
DIAGNOSTIC post_ema val_loss:1.9199 val_bpb:1.1371 eval_time:1977ms
Serialized model: 106027446 bytes
Code size: 93038 bytes
Serialized model int6+lzma: 15780788 bytes
Total submission size int6+lzma: 15873826 bytes
final_int6_roundtrip val_loss:1.9337 val_bpb:1.1452 eval_time:6271ms
final_int6_roundtrip_exact val_loss:1.93365776 val_bpb:1.14522104
final_int6_sliding_window val_loss:1.8939 val_bpb:1.1217 stride:64 eval_time:74583ms
final_int6_sliding_window_exact val_loss:1.89387243 val_bpb:1.12166090
final_int8_zlib_roundtrip_exact val_loss:1.89387243 val_bpb:1.12166090
ttt_sliding:start chunks=1893 chunk_tokens=32768 total_windows=969088 stride=64 ttt_lr=0.002 ttt_epochs=3 freeze_blocks=0
ttt_sliding:params unfrozen=26928220 frozen=0
  ttt_chunk [1/1893] bpb=1.163564 time=0.5s
  ttt_chunk [11/1893] bpb=1.147559 time=3.0s
  ttt_chunk [21/1893] bpb=1.131890 time=5.5s
  ttt_chunk [31/1893] bpb=1.129424 time=8.2s
  ttt_chunk [41/1893] bpb=1.115715 time=10.7s
  ttt_chunk [51/1893] bpb=1.110300 time=13.2s
  ttt_chunk [61/1893] bpb=1.116705 time=15.8s
  ttt_chunk [71/1893] bpb=1.115147 time=18.4s
  ttt_chunk [81/1893] bpb=1.114224 time=20.8s
  ttt_chunk [91/1893] bpb=1.115324 time=23.3s
  ttt_chunk [101/1893] bpb=1.118834 time=25.9s
  ttt_chunk [111/1893] bpb=1.121161 time=28.4s
  ttt_chunk [121/1893] bpb=1.114292 time=30.9s
  ttt_chunk [131/1893] bpb=1.114635 time=33.4s
  ttt_chunk [141/1893] bpb=1.120073 time=36.0s
  ttt_chunk [151/1893] bpb=1.121918 time=38.6s
  ttt_chunk [161/1893] bpb=1.121185 time=41.2s
  ttt_chunk [171/1893] bpb=1.125485 time=43.8s
  ttt_chunk [181/1893] bpb=1.127617 time=46.3s
  ttt_chunk [191/1893] bpb=1.134961 time=48.9s
  ttt_chunk [201/1893] bpb=1.133663 time=51.5s
  ttt_chunk [211/1893] bpb=1.131524 time=54.1s
  ttt_chunk [221/1893] bpb=1.132942 time=56.6s
  ttt_chunk [231/1893] bpb=1.131655 time=59.1s
  ttt_chunk [241/1893] bpb=1.132049 time=61.7s
  ttt_chunk [251/1893] bpb=1.131664 time=64.3s
  ttt_chunk [261/1893] bpb=1.128766 time=66.8s
  ttt_chunk [271/1893] bpb=1.127561 time=69.2s
  ttt_chunk [281/1893] bpb=1.128924 time=71.8s
  ttt_chunk [291/1893] bpb=1.130687 time=74.4s
  ttt_chunk [301/1893] bpb=1.131425 time=76.9s
  ttt_chunk [311/1893] bpb=1.133488 time=79.5s
  ttt_chunk [321/1893] bpb=1.135443 time=82.0s
  ttt_chunk [331/1893] bpb=1.135227 time=84.6s
  ttt_chunk [341/1893] bpb=1.134219 time=87.2s
  ttt_chunk [351/1893] bpb=1.136494 time=89.7s
  ttt_chunk [361/1893] bpb=1.136633 time=92.2s
  ttt_chunk [371/1893] bpb=1.135976 time=94.8s
  ttt_chunk [381/1893] bpb=1.136160 time=97.4s
  ttt_chunk [391/1893] bpb=1.135987 time=100.0s
  ttt_chunk [401/1893] bpb=1.133966 time=102.6s
  ttt_chunk [411/1893] bpb=1.132784 time=105.1s
  ttt_chunk [421/1893] bpb=1.131921 time=107.6s
  ttt_chunk [431/1893] bpb=1.131814 time=110.3s
  ttt_chunk [441/1893] bpb=1.132189 time=112.9s
  ttt_chunk [451/1893] bpb=1.132478 time=115.5s
  ttt_chunk [461/1893] bpb=1.131385 time=118.1s
  ttt_chunk [471/1893] bpb=1.132036 time=120.7s
  ttt_chunk [481/1893] bpb=1.131638 time=123.3s
  ttt_chunk [491/1893] bpb=1.130494 time=125.8s
  ttt_chunk [501/1893] bpb=1.130040 time=128.4s
  ttt_chunk [511/1893] bpb=1.129401 time=131.0s
  ttt_chunk [521/1893] bpb=1.126977 time=133.6s
  ttt_chunk [531/1893] bpb=1.128169 time=136.2s
  ttt_chunk [541/1893] bpb=1.128509 time=138.8s
  ttt_chunk [551/1893] bpb=1.127494 time=141.4s
  ttt_chunk [561/1893] bpb=1.128034 time=144.0s
  ttt_chunk [571/1893] bpb=1.127037 time=146.5s
  ttt_chunk [581/1893] bpb=1.126260 time=149.0s
  ttt_chunk [591/1893] bpb=1.125674 time=151.5s
  ttt_chunk [601/1893] bpb=1.126156 time=154.1s
  ttt_chunk [611/1893] bpb=1.126091 time=156.6s
  ttt_chunk [621/1893] bpb=1.125943 time=159.2s
  ttt_chunk [631/1893] bpb=1.126689 time=161.7s
  ttt_chunk [641/1893] bpb=1.126468 time=164.2s
  ttt_chunk [651/1893] bpb=1.126543 time=166.8s
  ttt_chunk [661/1893] bpb=1.126027 time=169.3s
  ttt_chunk [671/1893] bpb=1.126396 time=171.8s
  ttt_chunk [681/1893] bpb=1.127132 time=174.4s
  ttt_chunk [691/1893] bpb=1.128127 time=177.0s
  ttt_chunk [701/1893] bpb=1.127586 time=179.5s
  ttt_chunk [711/1893] bpb=1.127590 time=182.0s
  ttt_chunk [721/1893] bpb=1.127208 time=184.5s
  ttt_chunk [731/1893] bpb=1.127258 time=187.1s
  ttt_chunk [741/1893] bpb=1.127373 time=189.6s
  ttt_chunk [751/1893] bpb=1.127246 time=192.1s
  ttt_chunk [761/1893] bpb=1.127144 time=194.7s
  ttt_chunk [771/1893] bpb=1.126834 time=197.3s
  ttt_chunk [781/1893] bpb=1.127591 time=199.9s
  ttt_chunk [791/1893] bpb=1.127190 time=202.4s
  ttt_chunk [801/1893] bpb=1.127493 time=205.0s
  ttt_chunk [811/1893] bpb=1.127250 time=207.6s
  ttt_chunk [821/1893] bpb=1.127009 time=210.2s
  ttt_chunk [831/1893] bpb=1.126855 time=212.7s
  ttt_chunk [841/1893] bpb=1.126217 time=215.3s
  ttt_chunk [851/1893] bpb=1.125976 time=217.8s
  ttt_chunk [861/1893] bpb=1.125732 time=220.3s
  ttt_chunk [871/1893] bpb=1.126004 time=222.9s
  ttt_chunk [881/1893] bpb=1.126166 time=225.3s
  ttt_chunk [891/1893] bpb=1.125728 time=227.8s
  ttt_chunk [901/1893] bpb=1.125443 time=230.2s
  ttt_chunk [911/1893] bpb=1.125556 time=232.8s
  ttt_chunk [921/1893] bpb=1.126022 time=235.3s
  ttt_chunk [931/1893] bpb=1.125947 time=237.9s
  ttt_chunk [941/1893] bpb=1.125640 time=240.5s
  ttt_chunk [951/1893] bpb=1.126033 time=243.1s
  ttt_chunk [961/1893] bpb=1.126097 time=245.7s
  ttt_chunk [971/1893] bpb=1.126940 time=248.3s
  ttt_chunk [981/1893] bpb=1.127032 time=250.8s
  ttt_chunk [991/1893] bpb=1.127043 time=253.4s
  ttt_chunk [1001/1893] bpb=1.126998 time=256.0s
  ttt_chunk [1011/1893] bpb=1.126757 time=258.6s
  ttt_chunk [1021/1893] bpb=1.127099 time=261.2s
  ttt_chunk [1031/1893] bpb=1.127547 time=263.8s
  ttt_chunk [1041/1893] bpb=1.127210 time=266.5s
  ttt_chunk [1051/1893] bpb=1.126970 time=269.1s
  ttt_chunk [1061/1893] bpb=1.127002 time=271.7s
  ttt_chunk [1071/1893] bpb=1.127603 time=274.2s
  ttt_chunk [1081/1893] bpb=1.127870 time=276.9s
  ttt_chunk [1091/1893] bpb=1.128612 time=279.5s
  ttt_chunk [1101/1893] bpb=1.128638 time=282.0s
  ttt_chunk [1111/1893] bpb=1.128492 time=284.6s
  ttt_chunk [1121/1893] bpb=1.128274 time=287.2s
  ttt_chunk [1131/1893] bpb=1.128135 time=289.7s
  ttt_chunk [1141/1893] bpb=1.127824 time=292.2s
  ttt_chunk [1151/1893] bpb=1.127844 time=294.7s
  ttt_chunk [1161/1893] bpb=1.127462 time=297.3s
  ttt_chunk [1171/1893] bpb=1.127792 time=299.9s
  ttt_chunk [1181/1893] bpb=1.127049 time=302.4s
  ttt_chunk [1191/1893] bpb=1.126913 time=305.0s
  ttt_chunk [1201/1893] bpb=1.127341 time=307.7s
  ttt_chunk [1211/1893] bpb=1.126863 time=310.1s
  ttt_chunk [1221/1893] bpb=1.126566 time=312.7s
  ttt_chunk [1231/1893] bpb=1.126281 time=315.3s
  ttt_chunk [1241/1893] bpb=1.125930 time=317.8s
  ttt_chunk [1251/1893] bpb=1.125346 time=320.2s
  ttt_chunk [1261/1893] bpb=1.125316 time=322.7s
  ttt_chunk [1271/1893] bpb=1.124934 time=325.3s
  ttt_chunk [1281/1893] bpb=1.124727 time=327.9s
  ttt_chunk [1291/1893] bpb=1.124482 time=330.4s
  ttt_chunk [1301/1893] bpb=1.123879 time=333.0s
  ttt_chunk [1311/1893] bpb=1.123487 time=335.6s
  ttt_chunk [1321/1893] bpb=1.123164 time=338.1s
  ttt_chunk [1331/1893] bpb=1.123096 time=340.7s
  ttt_chunk [1341/1893] bpb=1.122974 time=343.3s
  ttt_chunk [1351/1893] bpb=1.122892 time=345.8s
  ttt_chunk [1361/1893] bpb=1.122945 time=348.4s
  ttt_chunk [1371/1893] bpb=1.122809 time=351.0s
  ttt_chunk [1381/1893] bpb=1.122795 time=353.5s
  ttt_chunk [1391/1893] bpb=1.122398 time=356.0s
  ttt_chunk [1401/1893] bpb=1.122363 time=358.6s
  ttt_chunk [1411/1893] bpb=1.122473 time=361.2s
  ttt_chunk [1421/1893] bpb=1.122727 time=363.7s
  ttt_chunk [1431/1893] bpb=1.122430 time=366.2s
  ttt_chunk [1441/1893] bpb=1.122915 time=368.9s
  ttt_chunk [1451/1893] bpb=1.123241 time=371.4s
  ttt_chunk [1461/1893] bpb=1.122774 time=373.9s
  ttt_chunk [1471/1893] bpb=1.123808 time=376.6s
  ttt_chunk [1481/1893] bpb=1.123323 time=379.1s
  ttt_chunk [1491/1893] bpb=1.123138 time=381.7s
  ttt_chunk [1501/1893] bpb=1.123050 time=384.2s
  ttt_chunk [1511/1893] bpb=1.123062 time=386.7s
  ttt_chunk [1521/1893] bpb=1.123073 time=389.3s
  ttt_chunk [1531/1893] bpb=1.122546 time=391.9s
  ttt_chunk [1541/1893] bpb=1.122399 time=394.4s
  ttt_chunk [1551/1893] bpb=1.122711 time=397.0s
  ttt_chunk [1561/1893] bpb=1.122693 time=399.6s
  ttt_chunk [1571/1893] bpb=1.122531 time=402.1s
  ttt_chunk [1581/1893] bpb=1.122647 time=404.7s
  ttt_chunk [1591/1893] bpb=1.122489 time=407.3s
  ttt_chunk [1601/1893] bpb=1.122653 time=409.9s
  ttt_chunk [1611/1893] bpb=1.122597 time=412.5s
  ttt_chunk [1621/1893] bpb=1.122183 time=415.0s
  ttt_chunk [1631/1893] bpb=1.122483 time=417.6s
  ttt_chunk [1641/1893] bpb=1.122491 time=420.1s
  ttt_chunk [1651/1893] bpb=1.122440 time=422.7s
  ttt_chunk [1661/1893] bpb=1.122317 time=425.2s
  ttt_chunk [1671/1893] bpb=1.122789 time=427.8s
  ttt_chunk [1681/1893] bpb=1.122929 time=430.4s
  ttt_chunk [1691/1893] bpb=1.122772 time=433.0s
  ttt_chunk [1701/1893] bpb=1.122922 time=435.6s
  ttt_chunk [1711/1893] bpb=1.122925 time=438.2s
  ttt_chunk [1721/1893] bpb=1.122935 time=440.7s
  ttt_chunk [1731/1893] bpb=1.122811 time=443.3s
  ttt_chunk [1741/1893] bpb=1.122612 time=445.9s
  ttt_chunk [1751/1893] bpb=1.122456 time=448.5s
  ttt_chunk [1761/1893] bpb=1.122599 time=451.1s
  ttt_chunk [1771/1893] bpb=1.122505 time=453.6s
  ttt_chunk [1781/1893] bpb=1.122531 time=456.2s
  ttt_chunk [1791/1893] bpb=1.122132 time=458.7s
  ttt_chunk [1801/1893] bpb=1.122003 time=461.3s
  ttt_chunk [1811/1893] bpb=1.121897 time=463.9s
  ttt_chunk [1821/1893] bpb=1.121947 time=466.5s
  ttt_chunk [1831/1893] bpb=1.121349 time=469.1s
  ttt_chunk [1841/1893] bpb=1.121263 time=471.7s
  ttt_chunk [1851/1893] bpb=1.121051 time=474.2s
  ttt_chunk [1861/1893] bpb=1.120685 time=476.8s
  ttt_chunk [1871/1893] bpb=1.120658 time=479.4s
  ttt_chunk [1881/1893] bpb=1.120215 time=481.8s
  ttt_chunk [1891/1893] bpb=1.119984 time=484.4s
  ttt_chunk [1893/1893] bpb=1.120030 time=484.7s
ttt_sliding:done val_loss=1.887909 val_bpb=1.118129 elapsed=484.7s
legal_ttt val_loss:1.8879 val_bpb:1.1181 eval_time:485267ms
legal_ttt_exact val_loss:1.88790947 val_bpb:1.11812929
