W0327 23:47:52.820000 59557 torch/distributed/run.py:803] 
W0327 23:47:52.820000 59557 torch/distributed/run.py:803] *****************************************
W0327 23:47:52.820000 59557 torch/distributed/run.py:803] Setting OMP_NUM_THREADS environment variable for each process to be 1 in default, to avoid your system being overloaded, please further tune the variable for optimal performance in your application as needed. 
W0327 23:47:52.820000 59557 torch/distributed/run.py:803] *****************************************
logs/run1b_muon_ttt_ns3_seed1337.txt
val_bpb:enabled tokenizer_kind=sentencepiece tokenizer_path=./data/tokenizers/fineweb_1024_bpe.model
train_loader:dataset:fineweb10B_sp1024 train_shards:80
val_loader:shards pattern=./data/datasets/fineweb10B_sp1024/fineweb_val_*.bin tokens:62021632
model_params:26928220
mtp_num_heads:0 mtp_loss_weight:0.2 mtp_params:0
XSA:last_4 active_layers:[7, 8, 9, 10]
world_size:8 grad_accum_steps:1
sdp_backends:cudnn=False flash=True mem_efficient=False math=False
attention_mode:gqa num_heads:8 num_kv_heads:4
tie_embeddings:True embed_lr:0.035 head_lr:0.0 matrix_lr:0.025 scalar_lr:0.025
train_batch_tokens:786432 train_seq_len:2048 iterations:9000 warmup_steps:20 max_wallclock_seconds:600.000
seed:1337
warmup_step:1/20
warmup_step:2/20
warmup_step:3/20
warmup_step:4/20
warmup_step:5/20
warmup_step:6/20
warmup_step:7/20
warmup_step:8/20
warmup_step:9/20
warmup_step:10/20
warmup_step:11/20
warmup_step:12/20
warmup_step:13/20
warmup_step:14/20
warmup_step:15/20
warmup_step:16/20
warmup_step:17/20
warmup_step:18/20
warmup_step:19/20
warmup_step:20/20
step:0/9000 val_loss:6.9304 val_bpb:4.1046 train_time:0ms step_avg:0.01ms
step:1/9000 train_loss:6.9322 train_time:132ms step_avg:131.72ms
step:2/9000 train_loss:8.6545 train_time:159ms step_avg:79.37ms
step:3/9000 train_loss:7.6926 train_time:239ms step_avg:79.61ms
step:4/9000 train_loss:7.2518 train_time:320ms step_avg:79.90ms
step:5/9000 train_loss:7.1705 train_time:401ms step_avg:80.10ms
step:6/9000 train_loss:7.1160 train_time:481ms step_avg:80.20ms
step:7/9000 train_loss:7.0271 train_time:565ms step_avg:80.77ms
step:8/9000 train_loss:6.9597 train_time:648ms step_avg:81.02ms
step:9/9000 train_loss:6.5744 train_time:730ms step_avg:81.12ms
step:10/9000 train_loss:6.2001 train_time:814ms step_avg:81.36ms
step:500/9000 train_loss:2.3935 train_time:41426ms step_avg:82.85ms
step:1000/9000 train_loss:2.2635 train_time:83144ms step_avg:83.14ms
step:1500/9000 train_loss:2.2073 train_time:125004ms step_avg:83.34ms
step:2000/9000 train_loss:2.0563 train_time:166782ms step_avg:83.39ms
step:2500/9000 train_loss:2.1574 train_time:208519ms step_avg:83.41ms
step:3000/9000 train_loss:2.1500 train_time:250231ms step_avg:83.41ms
step:3500/9000 train_loss:2.1676 train_time:291931ms step_avg:83.41ms
step:4000/9000 train_loss:1.9646 train_time:333604ms step_avg:83.40ms
step:4000/9000 val_loss:2.0567 val_bpb:1.2181 train_time:333654ms step_avg:83.41ms
step:4500/9000 train_loss:2.1166 train_time:375269ms step_avg:83.39ms
step:5000/9000 train_loss:2.0992 train_time:416920ms step_avg:83.38ms
step:5500/9000 train_loss:2.0144 train_time:458562ms step_avg:83.37ms
step:6000/9000 train_loss:1.9350 train_time:500192ms step_avg:83.37ms
swa:start step:6500
step:6500/9000 train_loss:2.0830 train_time:541808ms step_avg:83.36ms
late_qat:enabled step:6670 scale:0.1498
step:7000/9000 train_loss:1.7905 train_time:584063ms step_avg:83.44ms
step:7189/9000 val_loss:1.9209 val_bpb:1.1376 train_time:600068ms step_avg:83.47ms
stopping_early: wallclock_cap train_time:600068ms step:7189/9000
peak memory allocated: 21471 MiB reserved: 22002 MiB
ema:applying EMA weights
DIAGNOSTIC post_ema val_loss:1.9191 val_bpb:1.1366 eval_time:1973ms
Serialized model: 106027446 bytes
Code size: 93038 bytes
Serialized model int6+lzma: 15851372 bytes
Total submission size int6+lzma: 15944410 bytes
final_int6_roundtrip val_loss:1.9331 val_bpb:1.1449 eval_time:6284ms
final_int6_roundtrip_exact val_loss:1.93305924 val_bpb:1.14486657
final_int6_sliding_window val_loss:1.8934 val_bpb:1.1214 stride:64 eval_time:74154ms
final_int6_sliding_window_exact val_loss:1.89337811 val_bpb:1.12136814
final_int8_zlib_roundtrip_exact val_loss:1.89337811 val_bpb:1.12136814
ttt_sliding:start chunks=1893 chunk_tokens=32768 total_windows=969088 stride=64 ttt_lr=0.002 ttt_epochs=3 freeze_blocks=0
ttt_sliding:params unfrozen=26928220 frozen=0
  ttt_chunk [1/1893] bpb=1.159361 time=0.5s
  ttt_chunk [11/1893] bpb=1.146201 time=2.9s
  ttt_chunk [21/1893] bpb=1.131428 time=5.4s
  ttt_chunk [31/1893] bpb=1.128968 time=8.0s
  ttt_chunk [41/1893] bpb=1.114804 time=10.5s
  ttt_chunk [51/1893] bpb=1.109042 time=13.0s
  ttt_chunk [61/1893] bpb=1.115817 time=15.6s
  ttt_chunk [71/1893] bpb=1.114274 time=18.1s
  ttt_chunk [81/1893] bpb=1.113383 time=20.5s
  ttt_chunk [91/1893] bpb=1.114187 time=23.0s
  ttt_chunk [101/1893] bpb=1.117811 time=25.5s
  ttt_chunk [111/1893] bpb=1.120252 time=28.0s
  ttt_chunk [121/1893] bpb=1.113678 time=30.4s
  ttt_chunk [131/1893] bpb=1.113996 time=32.9s
  ttt_chunk [141/1893] bpb=1.119631 time=35.4s
  ttt_chunk [151/1893] bpb=1.121440 time=37.9s
  ttt_chunk [161/1893] bpb=1.120931 time=40.5s
  ttt_chunk [171/1893] bpb=1.125218 time=43.0s
  ttt_chunk [181/1893] bpb=1.127498 time=45.5s
  ttt_chunk [191/1893] bpb=1.134713 time=48.0s
  ttt_chunk [201/1893] bpb=1.133455 time=50.6s
  ttt_chunk [211/1893] bpb=1.131281 time=53.1s
  ttt_chunk [221/1893] bpb=1.132771 time=55.6s
  ttt_chunk [231/1893] bpb=1.131464 time=58.1s
  ttt_chunk [241/1893] bpb=1.131787 time=60.7s
  ttt_chunk [251/1893] bpb=1.131297 time=63.2s
  ttt_chunk [261/1893] bpb=1.128443 time=65.6s
  ttt_chunk [271/1893] bpb=1.127250 time=68.1s
  ttt_chunk [281/1893] bpb=1.128627 time=70.7s
  ttt_chunk [291/1893] bpb=1.130481 time=73.2s
  ttt_chunk [301/1893] bpb=1.131184 time=75.7s
  ttt_chunk [311/1893] bpb=1.133302 time=78.2s
  ttt_chunk [321/1893] bpb=1.135227 time=80.8s
  ttt_chunk [331/1893] bpb=1.135063 time=83.3s
  ttt_chunk [341/1893] bpb=1.134023 time=85.8s
  ttt_chunk [351/1893] bpb=1.136300 time=88.4s
  ttt_chunk [361/1893] bpb=1.136477 time=90.8s
  ttt_chunk [371/1893] bpb=1.135770 time=93.3s
  ttt_chunk [381/1893] bpb=1.136014 time=95.9s
  ttt_chunk [391/1893] bpb=1.135899 time=98.5s
  ttt_chunk [401/1893] bpb=1.133868 time=101.0s
  ttt_chunk [411/1893] bpb=1.132670 time=103.5s
  ttt_chunk [421/1893] bpb=1.131713 time=106.0s
  ttt_chunk [431/1893] bpb=1.131589 time=108.6s
  ttt_chunk [441/1893] bpb=1.131957 time=111.2s
  ttt_chunk [451/1893] bpb=1.132313 time=113.7s
  ttt_chunk [461/1893] bpb=1.131246 time=116.3s
  ttt_chunk [471/1893] bpb=1.131909 time=118.9s
  ttt_chunk [481/1893] bpb=1.131550 time=121.4s
  ttt_chunk [491/1893] bpb=1.130408 time=123.9s
  ttt_chunk [501/1893] bpb=1.129927 time=126.4s
  ttt_chunk [511/1893] bpb=1.129274 time=129.0s
  ttt_chunk [521/1893] bpb=1.126928 time=131.5s
  ttt_chunk [531/1893] bpb=1.128112 time=134.2s
  ttt_chunk [541/1893] bpb=1.128485 time=136.7s
  ttt_chunk [551/1893] bpb=1.127460 time=139.2s
  ttt_chunk [561/1893] bpb=1.127993 time=141.8s
  ttt_chunk [571/1893] bpb=1.126972 time=144.3s
  ttt_chunk [581/1893] bpb=1.126175 time=146.7s
  ttt_chunk [591/1893] bpb=1.125528 time=149.2s
  ttt_chunk [601/1893] bpb=1.126022 time=151.7s
  ttt_chunk [611/1893] bpb=1.125971 time=154.2s
  ttt_chunk [621/1893] bpb=1.125789 time=156.8s
  ttt_chunk [631/1893] bpb=1.126474 time=159.3s
  ttt_chunk [641/1893] bpb=1.126179 time=161.7s
  ttt_chunk [651/1893] bpb=1.126297 time=164.2s
  ttt_chunk [661/1893] bpb=1.125733 time=166.6s
  ttt_chunk [671/1893] bpb=1.126078 time=169.1s
  ttt_chunk [681/1893] bpb=1.126827 time=171.6s
  ttt_chunk [691/1893] bpb=1.127830 time=174.2s
  ttt_chunk [701/1893] bpb=1.127278 time=176.7s
  ttt_chunk [711/1893] bpb=1.127234 time=179.3s
  ttt_chunk [721/1893] bpb=1.126901 time=181.7s
  ttt_chunk [731/1893] bpb=1.126944 time=184.3s
  ttt_chunk [741/1893] bpb=1.127065 time=186.9s
  ttt_chunk [751/1893] bpb=1.126893 time=189.4s
  ttt_chunk [761/1893] bpb=1.126812 time=192.0s
  ttt_chunk [771/1893] bpb=1.126504 time=194.6s
  ttt_chunk [781/1893] bpb=1.127252 time=197.1s
  ttt_chunk [791/1893] bpb=1.126853 time=199.7s
  ttt_chunk [801/1893] bpb=1.127143 time=202.2s
  ttt_chunk [811/1893] bpb=1.126883 time=204.8s
  ttt_chunk [821/1893] bpb=1.126688 time=207.4s
  ttt_chunk [831/1893] bpb=1.126484 time=209.9s
  ttt_chunk [841/1893] bpb=1.125830 time=212.4s
  ttt_chunk [851/1893] bpb=1.125559 time=214.9s
  ttt_chunk [861/1893] bpb=1.125279 time=217.4s
  ttt_chunk [871/1893] bpb=1.125553 time=220.0s
  ttt_chunk [881/1893] bpb=1.125716 time=222.3s
  ttt_chunk [891/1893] bpb=1.125269 time=224.7s
  ttt_chunk [901/1893] bpb=1.124994 time=227.1s
  ttt_chunk [911/1893] bpb=1.125112 time=229.6s
  ttt_chunk [921/1893] bpb=1.125599 time=232.2s
  ttt_chunk [931/1893] bpb=1.125550 time=234.7s
  ttt_chunk [941/1893] bpb=1.125243 time=237.2s
  ttt_chunk [951/1893] bpb=1.125621 time=239.7s
  ttt_chunk [961/1893] bpb=1.125706 time=242.3s
  ttt_chunk [971/1893] bpb=1.126561 time=244.9s
  ttt_chunk [981/1893] bpb=1.126623 time=247.4s
  ttt_chunk [991/1893] bpb=1.126653 time=250.0s
  ttt_chunk [1001/1893] bpb=1.126605 time=252.6s
  ttt_chunk [1011/1893] bpb=1.126404 time=255.2s
  ttt_chunk [1021/1893] bpb=1.126738 time=257.7s
  ttt_chunk [1031/1893] bpb=1.127177 time=260.3s
  ttt_chunk [1041/1893] bpb=1.126844 time=262.9s
  ttt_chunk [1051/1893] bpb=1.126600 time=265.4s
  ttt_chunk [1061/1893] bpb=1.126634 time=268.0s
  ttt_chunk [1071/1893] bpb=1.127241 time=270.5s
  ttt_chunk [1081/1893] bpb=1.127504 time=273.0s
  ttt_chunk [1091/1893] bpb=1.128216 time=275.6s
  ttt_chunk [1101/1893] bpb=1.128229 time=278.2s
  ttt_chunk [1111/1893] bpb=1.128077 time=280.7s
  ttt_chunk [1121/1893] bpb=1.127884 time=283.2s
  ttt_chunk [1131/1893] bpb=1.127768 time=285.6s
  ttt_chunk [1141/1893] bpb=1.127473 time=288.1s
  ttt_chunk [1151/1893] bpb=1.127471 time=290.6s
  ttt_chunk [1161/1893] bpb=1.127077 time=293.2s
  ttt_chunk [1171/1893] bpb=1.127404 time=295.7s
  ttt_chunk [1181/1893] bpb=1.126651 time=298.2s
  ttt_chunk [1191/1893] bpb=1.126516 time=300.7s
  ttt_chunk [1201/1893] bpb=1.126927 time=303.3s
  ttt_chunk [1211/1893] bpb=1.126439 time=305.7s
  ttt_chunk [1221/1893] bpb=1.126135 time=308.3s
  ttt_chunk [1231/1893] bpb=1.125853 time=310.8s
  ttt_chunk [1241/1893] bpb=1.125502 time=313.3s
  ttt_chunk [1251/1893] bpb=1.124889 time=315.6s
  ttt_chunk [1261/1893] bpb=1.124865 time=318.1s
  ttt_chunk [1271/1893] bpb=1.124492 time=320.6s
  ttt_chunk [1281/1893] bpb=1.124279 time=323.1s
  ttt_chunk [1291/1893] bpb=1.124047 time=325.6s
  ttt_chunk [1301/1893] bpb=1.123447 time=328.2s
  ttt_chunk [1311/1893] bpb=1.123041 time=330.6s
  ttt_chunk [1321/1893] bpb=1.122713 time=333.1s
  ttt_chunk [1331/1893] bpb=1.122643 time=335.7s
  ttt_chunk [1341/1893] bpb=1.122511 time=338.2s
  ttt_chunk [1351/1893] bpb=1.122444 time=340.7s
  ttt_chunk [1361/1893] bpb=1.122503 time=343.3s
  ttt_chunk [1371/1893] bpb=1.122372 time=345.8s
  ttt_chunk [1381/1893] bpb=1.122364 time=348.3s
  ttt_chunk [1391/1893] bpb=1.121966 time=350.7s
  ttt_chunk [1401/1893] bpb=1.121917 time=353.2s
  ttt_chunk [1411/1893] bpb=1.122037 time=355.8s
  ttt_chunk [1421/1893] bpb=1.122287 time=358.2s
  ttt_chunk [1431/1893] bpb=1.121974 time=360.7s
  ttt_chunk [1441/1893] bpb=1.122479 time=363.4s
  ttt_chunk [1451/1893] bpb=1.122817 time=365.8s
  ttt_chunk [1461/1893] bpb=1.122370 time=368.3s
  ttt_chunk [1471/1893] bpb=1.123396 time=370.9s
  ttt_chunk [1481/1893] bpb=1.122929 time=373.4s
  ttt_chunk [1491/1893] bpb=1.122764 time=375.9s
  ttt_chunk [1501/1893] bpb=1.122665 time=378.4s
  ttt_chunk [1511/1893] bpb=1.122663 time=380.9s
  ttt_chunk [1521/1893] bpb=1.122690 time=383.4s
  ttt_chunk [1531/1893] bpb=1.122164 time=386.0s
  ttt_chunk [1541/1893] bpb=1.122022 time=388.5s
  ttt_chunk [1551/1893] bpb=1.122325 time=391.0s
  ttt_chunk [1561/1893] bpb=1.122322 time=393.6s
  ttt_chunk [1571/1893] bpb=1.122156 time=396.1s
  ttt_chunk [1581/1893] bpb=1.122251 time=398.6s
  ttt_chunk [1591/1893] bpb=1.122103 time=401.2s
  ttt_chunk [1601/1893] bpb=1.122263 time=403.7s
  ttt_chunk [1611/1893] bpb=1.122190 time=406.3s
  ttt_chunk [1621/1893] bpb=1.121789 time=408.6s
  ttt_chunk [1631/1893] bpb=1.122095 time=411.2s
  ttt_chunk [1641/1893] bpb=1.122104 time=413.7s
  ttt_chunk [1651/1893] bpb=1.122062 time=416.2s
  ttt_chunk [1661/1893] bpb=1.121936 time=418.8s
  ttt_chunk [1671/1893] bpb=1.122392 time=421.3s
  ttt_chunk [1681/1893] bpb=1.122541 time=423.9s
  ttt_chunk [1691/1893] bpb=1.122379 time=426.4s
  ttt_chunk [1701/1893] bpb=1.122539 time=429.0s
  ttt_chunk [1711/1893] bpb=1.122538 time=431.6s
  ttt_chunk [1721/1893] bpb=1.122549 time=434.0s
  ttt_chunk [1731/1893] bpb=1.122438 time=436.6s
  ttt_chunk [1741/1893] bpb=1.122231 time=439.1s
  ttt_chunk [1751/1893] bpb=1.122050 time=441.7s
  ttt_chunk [1761/1893] bpb=1.122201 time=444.2s
  ttt_chunk [1771/1893] bpb=1.122112 time=446.7s
  ttt_chunk [1781/1893] bpb=1.122127 time=449.3s
  ttt_chunk [1791/1893] bpb=1.121717 time=451.7s
  ttt_chunk [1801/1893] bpb=1.121588 time=454.2s
  ttt_chunk [1811/1893] bpb=1.121473 time=456.8s
  ttt_chunk [1821/1893] bpb=1.121540 time=459.4s
  ttt_chunk [1831/1893] bpb=1.120933 time=461.9s
  ttt_chunk [1841/1893] bpb=1.120892 time=464.4s
  ttt_chunk [1851/1893] bpb=1.120680 time=466.9s
  ttt_chunk [1861/1893] bpb=1.120309 time=469.4s
  ttt_chunk [1871/1893] bpb=1.120302 time=472.0s
  ttt_chunk [1881/1893] bpb=1.119857 time=474.4s
  ttt_chunk [1891/1893] bpb=1.119623 time=477.0s
  ttt_chunk [1893/1893] bpb=1.119667 time=477.3s
ttt_sliding:done val_loss=1.887101 val_bpb=1.117650 elapsed=477.3s
legal_ttt val_loss:1.8871 val_bpb:1.1177 eval_time:477854ms
legal_ttt_exact val_loss:1.88710072 val_bpb:1.11765030
